<?xml version="1.0" encoding="UTF-8"?>
<testng-results ignored="0" total="2" passed="2" failed="0" skipped="0">
  <reporter-output>
  </reporter-output>
  <suite started-at="2025-09-01T11:34:31 IST" name="Suite" finished-at="2025-09-01T11:34:38 IST" duration-ms="7356">
    <groups>
    </groups>
    <test started-at="2025-09-01T11:34:31 IST" name="Test" finished-at="2025-09-01T11:34:38 IST" duration-ms="7356">
      <class name="testScript.LoginTest">
        <test-method is-config="true" signature="initialiseBrowser(java.lang.String)[pri:0, instance:testScript.LoginTest@57a78e3]" started-at="2025-09-01T11:34:31 IST" name="initialiseBrowser" finished-at="2025-09-01T11:34:34 IST" duration-ms="3025" status="PASS">
          <params>
            <param index="0">
              <value>
                <![CDATA[chrome]]>
              </value>
            </param>
          </params>
          <reporter-output>
          </reporter-output>
        </test-method> <!-- initialiseBrowser -->
        <test-method signature="verifyUserLoginWithInValidUserNameAndInValidPassword(java.lang.String,java.lang.String)[pri:4, instance:testScript.LoginTest@57a78e3]" started-at="2025-09-01T11:34:34 IST" name="verifyUserLoginWithInValidUserNameAndInValidPassword" description="Verify whether the user is able to login with the invalid credentials" data-provider="loginProvider" finished-at="2025-09-01T11:34:35 IST" duration-ms="910" status="PASS">
          <params>
            <param index="0">
              <value>
                <![CDATA[admin123]]>
              </value>
            </param>
            <param index="1">
              <value>
                <![CDATA[admin1234]]>
              </value>
            </param>
          </params>
          <reporter-output>
          </reporter-output>
        </test-method> <!-- verifyUserLoginWithInValidUserNameAndInValidPassword -->
        <test-method is-config="true" signature="driverQuit(org.testng.ITestResult)[pri:0, instance:testScript.LoginTest@57a78e3]" started-at="2025-09-01T11:34:35 IST" name="driverQuit" finished-at="2025-09-01T11:34:35 IST" duration-ms="256" status="PASS">
          <params>
            <param index="0">
              <value>
                <![CDATA[[TestResult name=verifyUserLoginWithInValidUserNameAndInValidPassword status=SUCCESS method=LoginTest.verifyUserLoginWithInValidUserNameAndInValidPassword(java.lang.String,java.lang.String)[pri:4, instance:testScript.LoginTest@57a78e3] output={null}]]]>
              </value>
            </param>
          </params>
          <reporter-output>
          </reporter-output>
        </test-method> <!-- driverQuit -->
        <test-method is-config="true" signature="initialiseBrowser(java.lang.String)[pri:0, instance:testScript.LoginTest@57a78e3]" started-at="2025-09-01T11:34:35 IST" name="initialiseBrowser" finished-at="2025-09-01T11:34:37 IST" duration-ms="1935" status="PASS">
          <params>
            <param index="0">
              <value>
                <![CDATA[chrome]]>
              </value>
            </param>
          </params>
          <reporter-output>
          </reporter-output>
        </test-method> <!-- initialiseBrowser -->
        <test-method signature="verifyUserLoginWithInValidUserNameAndInValidPassword(java.lang.String,java.lang.String)[pri:4, instance:testScript.LoginTest@57a78e3]" started-at="2025-09-01T11:34:37 IST" name="verifyUserLoginWithInValidUserNameAndInValidPassword" description="Verify whether the user is able to login with the invalid credentials" data-provider="loginProvider" finished-at="2025-09-01T11:34:38 IST" duration-ms="848" status="PASS">
          <params>
            <param index="0">
              <value>
                <![CDATA[123]]>
              </value>
            </param>
            <param index="1">
              <value>
                <![CDATA[123]]>
              </value>
            </param>
          </params>
          <reporter-output>
          </reporter-output>
        </test-method> <!-- verifyUserLoginWithInValidUserNameAndInValidPassword -->
        <test-method is-config="true" signature="driverQuit(org.testng.ITestResult)[pri:0, instance:testScript.LoginTest@57a78e3]" started-at="2025-09-01T11:34:38 IST" name="driverQuit" finished-at="2025-09-01T11:34:38 IST" duration-ms="304" status="PASS">
          <params>
            <param index="0">
              <value>
                <![CDATA[[TestResult name=verifyUserLoginWithInValidUserNameAndInValidPassword status=SUCCESS method=LoginTest.verifyUserLoginWithInValidUserNameAndInValidPassword(java.lang.String,java.lang.String)[pri:4, instance:testScript.LoginTest@57a78e3] output={null}]]]>
              </value>
            </param>
          </params>
          <reporter-output>
          </reporter-output>
        </test-method> <!-- driverQuit -->
      </class> <!-- testScript.LoginTest -->
    </test> <!-- Test -->
  </suite> <!-- Suite -->
</testng-results>
