<?xml version="1.0" encoding="UTF-8"?>
<testng-results ignored="3" total="4" passed="1" failed="0" skipped="0">
  <reporter-output>
  </reporter-output>
  <suite started-at="2025-07-31T23:59:53 IST" name="Default suite" finished-at="2025-07-31T23:59:58 IST" duration-ms="5222">
    <groups>
    </groups>
    <test started-at="2025-07-31T23:59:53 IST" name="Default test" finished-at="2025-07-31T23:59:58 IST" duration-ms="5222">
      <class name="testScript.LoginTest">
        <test-method is-config="true" signature="initialiseBrowser()[pri:0, instance:testScript.LoginTest@4be29ed9]" started-at="2025-07-31T23:59:53 IST" name="initialiseBrowser" finished-at="2025-07-31T23:59:56 IST" duration-ms="2988" status="PASS">
          <reporter-output>
          </reporter-output>
        </test-method> <!-- initialiseBrowser -->
        <test-method signature="verifyUserLoginWithValidCredentials()[pri:0, instance:testScript.LoginTest@4be29ed9]" started-at="2025-07-31T23:59:56 IST" name="verifyUserLoginWithValidCredentials" finished-at="2025-07-31T23:59:58 IST" duration-ms="2154" status="PASS">
          <reporter-output>
          </reporter-output>
        </test-method> <!-- verifyUserLoginWithValidCredentials -->
        <test-method is-config="true" signature="browserClose()[pri:0, instance:testScript.LoginTest@4be29ed9]" started-at="2025-07-31T23:59:58 IST" name="browserClose" finished-at="2025-07-31T23:59:58 IST" duration-ms="1" status="PASS">
          <reporter-output>
          </reporter-output>
        </test-method> <!-- browserClose -->
      </class> <!-- testScript.LoginTest -->
    </test> <!-- Default test -->
  </suite> <!-- Default suite -->
</testng-results>
