<?xml version="1.0" encoding="UTF-8"?>
<!-- Generated by org.testng.reporters.JUnitXMLReporter -->
<testsuite ignored="3" hostname="DESKTOP-OH2EK0R" failures="0" tests="1" name="Edge Test" time="5.356" errors="0" timestamp="2025-08-24T11:54:34 IST">
  <testcase classname="testScript.LoginTest" name="verifyUserLoginWithValidCridentials" time="1.593"/>
  <testcase classname="testScript.LoginTest" name="verifyUserLoginWithInValidUserNameAndValidPassword" time="0.0">
    <ignored/>
  </testcase> <!-- verifyUserLoginWithInValidUserNameAndValidPassword -->
  <testcase classname="testScript.LoginTest" name="verifyUserLoginWithValidUserNameAndInvalidPassword" time="0.0">
    <ignored/>
  </testcase> <!-- verifyUserLoginWithValidUserNameAndInvalidPassword -->
  <testcase classname="testScript.LoginTest" name="verifyUserLoginWithInValidUserNameAndInValidPassword" time="0.0">
    <ignored/>
  </testcase> <!-- verifyUserLoginWithInValidUserNameAndInValidPassword -->
</testsuite> <!-- Edge Test -->
