<?xml version="1.0" encoding="UTF-8"?>
<!-- Generated by org.testng.reporters.JUnitXMLReporter -->
<testsuite ignored="3" hostname="DESKTOP-OH2EK0R" failures="0" tests="2" name="Test" time="9.886" errors="0" timestamp="2025-08-24T13:32:24 IST">
  <testcase classname="testScript.LoginTest" name="verifyUserLoginWithInValidUserNameAndInValidPassword" time="0.409"/>
  <testcase classname="testScript.LoginTest" name="verifyUserLoginWithInValidUserNameAndInValidPassword" time="0.249"/>
  <testcase classname="testScript.LoginTest" name="verifyUserLoginWithValidUserNameAndInvalidPassword" time="0.0">
    <ignored/>
  </testcase> <!-- verifyUserLoginWithValidUserNameAndInvalidPassword -->
  <testcase classname="testScript.LoginTest" name="verifyUserLoginWithValidCridentials" time="0.0">
    <ignored/>
  </testcase> <!-- verifyUserLoginWithValidCridentials -->
  <testcase classname="testScript.LoginTest" name="verifyUserLoginWithInValidUserNameAndValidPassword" time="0.0">
    <ignored/>
  </testcase> <!-- verifyUserLoginWithInValidUserNameAndValidPassword -->
</testsuite> <!-- Test -->
