<?xml version="1.0" encoding="UTF-8"?>
<!-- Generated by org.testng.reporters.JUnitXMLReporter -->
<testsuite ignored="3" hostname="DESKTOP-OH2EK0R" failures="0" tests="1" name="Test2" time="4.698" errors="0" timestamp="2025-08-24T12:49:50 IST">
  <testcase classname="testScript.LoginTest" name="verifyUserLoginWithValidUserNameAndInvalidPassword" time="0.823"/>
  <testcase classname="testScript.LoginTest" name="verifyUserLoginWithInValidUserNameAndValidPassword" time="0.0">
    <ignored/>
  </testcase> <!-- verifyUserLoginWithInValidUserNameAndValidPassword -->
  <testcase classname="testScript.LoginTest" name="verifyUserLoginWithValidCridentials" time="0.0">
    <ignored/>
  </testcase> <!-- verifyUserLoginWithValidCridentials -->
  <testcase classname="testScript.LoginTest" name="verifyUserLoginWithInValidUserNameAndInValidPassword" time="0.0">
    <ignored/>
  </testcase> <!-- verifyUserLoginWithInValidUserNameAndInValidPassword -->
</testsuite> <!-- Test2 -->
