<?xml version="1.0" encoding="UTF-8"?>
<!-- Generated by org.testng.reporters.JUnitXMLReporter -->
<testsuite ignored="3" hostname="DESKTOP-OH2EK0R" failures="0" tests="1" name="Default test" time="4.609" errors="0" timestamp="2025-07-26T02:23:01 IST">
  <testcase classname="testScript.LoginTest" name="verifyUserLoginWithValidCredentials" time="1.323"/>
  <testcase classname="testScript.LoginTest" name="verifyUserLoginWithValidUserNameAndNonValidPassword" time="0.0">
    <ignored/>
  </testcase> <!-- verifyUserLoginWithValidUserNameAndNonValidPassword -->
  <testcase classname="testScript.LoginTest" name="verifyUserLoginWithNonValidUserNameAndValidPassword" time="0.0">
    <ignored/>
  </testcase> <!-- verifyUserLoginWithNonValidUserNameAndValidPassword -->
  <testcase classname="testScript.LoginTest" name="verifyUserLoginWithNonValidCredentials" time="0.0">
    <ignored/>
  </testcase> <!-- verifyUserLoginWithNonValidCredentials -->
</testsuite> <!-- Default test -->
