<?xml version="1.0" encoding="UTF-8"?>
<!-- Generated by org.testng.reporters.JUnitXMLReporter -->
<testsuite ignored="2" hostname="DESKTOP-OH2EK0R" failures="0" tests="1" name="Default test" time="7.733" errors="0" timestamp="2025-08-08T19:10:22 IST">
  <testcase classname="testScript.ManageNewsTest" name="verifyWhetherTheUserIsAbleToAddNewNews" time="4.461"/>
  <testcase classname="testScript.ManageNewsTest" name="verifyWhetherTheUserIsAbleToSearchTheNews" time="0.0">
    <ignored/>
  </testcase> <!-- verifyWhetherTheUserIsAbleToSearchTheNews -->
  <testcase classname="testScript.ManageNewsTest" name="verifyWhetherTheUserIsAbleToNavigateToManageNews" time="0.0">
    <ignored/>
  </testcase> <!-- verifyWhetherTheUserIsAbleToNavigateToManageNews -->
</testsuite> <!-- Default test -->
